Analysis & Synthesis report for spi_master
Thu Feb 07 01:18:35 2019
Quartus Prime Version 16.1.0 Build 196 10/24/2016 SJ Lite Edition


---------------------
; Table of Contents ;
---------------------
  1. Legal Notice
  2. Analysis & Synthesis Summary
  3. Analysis & Synthesis Settings
  4. Parallel Compilation
  5. Analysis & Synthesis Source Files Read
  6. Analysis & Synthesis Resource Usage Summary
  7. Analysis & Synthesis Resource Utilization by Entity
  8. User-Specified and Inferred Latches
  9. Registers Removed During Synthesis
 10. Removed Registers Triggering Further Register Optimizations
 11. General Register Statistics
 12. Inverted Register Statistics
 13. Multiplexer Restructuring Statistics (Restructuring Performed)
 14. Parameter Settings for User Entity Instance: spi_master1:inst
 15. Parameter Settings for User Entity Instance: CLK_DIVIDER:inst2
 16. Parameter Settings for User Entity Instance: value_generator:inst3
 17. Post-Synthesis Netlist Statistics for Top Partition
 18. Elapsed Time Per Partition
 19. Analysis & Synthesis Messages



----------------
; Legal Notice ;
----------------
Copyright (C) 2016  Intel Corporation. All rights reserved.
Your use of Intel Corporation's design tools, logic functions 
and other software and tools, and its AMPP partner logic 
functions, and any output files from any of the foregoing 
(including device programming or simulation files), and any 
associated documentation or information are expressly subject 
to the terms and conditions of the Intel Program License 
Subscription Agreement, the Intel Quartus Prime License Agreement,
the Intel MegaCore Function License Agreement, or other 
applicable license agreement, including, without limitation, 
that your use is for the sole purpose of programming logic 
devices manufactured by Intel and sold by Intel or its 
authorized distributors.  Please refer to the applicable 
agreement for further details.



+----------------------------------------------------------------------------------+
; Analysis & Synthesis Summary                                                     ;
+------------------------------------+---------------------------------------------+
; Analysis & Synthesis Status        ; Successful - Thu Feb 07 01:18:35 2019       ;
; Quartus Prime Version              ; 16.1.0 Build 196 10/24/2016 SJ Lite Edition ;
; Revision Name                      ; spi_master                                  ;
; Top-level Entity Name              ; spi_master                                  ;
; Family                             ; Cyclone IV E                                ;
; Total logic elements               ; 457                                         ;
;     Total combinational functions  ; 439                                         ;
;     Dedicated logic registers      ; 271                                         ;
; Total registers                    ; 271                                         ;
; Total pins                         ; 14                                          ;
; Total virtual pins                 ; 0                                           ;
; Total memory bits                  ; 0                                           ;
; Embedded Multiplier 9-bit elements ; 0                                           ;
; Total PLLs                         ; 0                                           ;
+------------------------------------+---------------------------------------------+


+----------------------------------------------------------------------------------------------------------------------+
; Analysis & Synthesis Settings                                                                                        ;
+----------------------------------------------------------------------------+--------------------+--------------------+
; Option                                                                     ; Setting            ; Default Value      ;
+----------------------------------------------------------------------------+--------------------+--------------------+
; Device                                                                     ; EP4CE22F17C6       ;                    ;
; Top-level entity name                                                      ; spi_master         ; spi_master         ;
; Family name                                                                ; Cyclone IV E       ; Cyclone V          ;
; Use smart compilation                                                      ; Off                ; Off                ;
; Enable parallel Assembler and TimeQuest Timing Analyzer during compilation ; On                 ; On                 ;
; Enable compact report table                                                ; Off                ; Off                ;
; Restructure Multiplexers                                                   ; Auto               ; Auto               ;
; Create Debugging Nodes for IP Cores                                        ; Off                ; Off                ;
; Preserve fewer node names                                                  ; On                 ; On                 ;
; OpenCore Plus hardware evaluation                                          ; Enable             ; Enable             ;
; Verilog Version                                                            ; Verilog_2001       ; Verilog_2001       ;
; VHDL Version                                                               ; VHDL_1993          ; VHDL_1993          ;
; State Machine Processing                                                   ; Auto               ; Auto               ;
; Safe State Machine                                                         ; Off                ; Off                ;
; Extract Verilog State Machines                                             ; On                 ; On                 ;
; Extract VHDL State Machines                                                ; On                 ; On                 ;
; Ignore Verilog initial constructs                                          ; Off                ; Off                ;
; Iteration limit for constant Verilog loops                                 ; 5000               ; 5000               ;
; Iteration limit for non-constant Verilog loops                             ; 250                ; 250                ;
; Add Pass-Through Logic to Inferred RAMs                                    ; On                 ; On                 ;
; Infer RAMs from Raw Logic                                                  ; On                 ; On                 ;
; Parallel Synthesis                                                         ; On                 ; On                 ;
; DSP Block Balancing                                                        ; Auto               ; Auto               ;
; NOT Gate Push-Back                                                         ; On                 ; On                 ;
; Power-Up Don't Care                                                        ; On                 ; On                 ;
; Remove Redundant Logic Cells                                               ; Off                ; Off                ;
; Remove Duplicate Registers                                                 ; On                 ; On                 ;
; Ignore CARRY Buffers                                                       ; Off                ; Off                ;
; Ignore CASCADE Buffers                                                     ; Off                ; Off                ;
; Ignore GLOBAL Buffers                                                      ; Off                ; Off                ;
; Ignore ROW GLOBAL Buffers                                                  ; Off                ; Off                ;
; Ignore LCELL Buffers                                                       ; Off                ; Off                ;
; Ignore SOFT Buffers                                                        ; On                 ; On                 ;
; Limit AHDL Integers to 32 Bits                                             ; Off                ; Off                ;
; Optimization Technique                                                     ; Balanced           ; Balanced           ;
; Carry Chain Length                                                         ; 70                 ; 70                 ;
; Auto Carry Chains                                                          ; On                 ; On                 ;
; Auto Open-Drain Pins                                                       ; On                 ; On                 ;
; Perform WYSIWYG Primitive Resynthesis                                      ; Off                ; Off                ;
; Auto ROM Replacement                                                       ; On                 ; On                 ;
; Auto RAM Replacement                                                       ; On                 ; On                 ;
; Auto DSP Block Replacement                                                 ; On                 ; On                 ;
; Auto Shift Register Replacement                                            ; Auto               ; Auto               ;
; Allow Shift Register Merging across Hierarchies                            ; Auto               ; Auto               ;
; Auto Clock Enable Replacement                                              ; On                 ; On                 ;
; Strict RAM Replacement                                                     ; Off                ; Off                ;
; Allow Synchronous Control Signals                                          ; On                 ; On                 ;
; Force Use of Synchronous Clear Signals                                     ; Off                ; Off                ;
; Auto RAM Block Balancing                                                   ; On                 ; On                 ;
; Auto RAM to Logic Cell Conversion                                          ; Off                ; Off                ;
; Auto Resource Sharing                                                      ; Off                ; Off                ;
; Allow Any RAM Size For Recognition                                         ; Off                ; Off                ;
; Allow Any ROM Size For Recognition                                         ; Off                ; Off                ;
; Allow Any Shift Register Size For Recognition                              ; Off                ; Off                ;
; Use LogicLock Constraints during Resource Balancing                        ; On                 ; On                 ;
; Ignore translate_off and synthesis_off directives                          ; Off                ; Off                ;
; Timing-Driven Synthesis                                                    ; On                 ; On                 ;
; Report Parameter Settings                                                  ; On                 ; On                 ;
; Report Source Assignments                                                  ; On                 ; On                 ;
; Report Connectivity Checks                                                 ; On                 ; On                 ;
; Ignore Maximum Fan-Out Assignments                                         ; Off                ; Off                ;
; Synchronization Register Chain Length                                      ; 2                  ; 2                  ;
; PowerPlay Power Optimization During Synthesis                              ; Normal compilation ; Normal compilation ;
; HDL message level                                                          ; Level2             ; Level2             ;
; Suppress Register Optimization Related Messages                            ; Off                ; Off                ;
; Number of Removed Registers Reported in Synthesis Report                   ; 5000               ; 5000               ;
; Number of Swept Nodes Reported in Synthesis Report                         ; 5000               ; 5000               ;
; Number of Inverted Registers Reported in Synthesis Report                  ; 100                ; 100                ;
; Clock MUX Protection                                                       ; On                 ; On                 ;
; Auto Gated Clock Conversion                                                ; Off                ; Off                ;
; Block Design Naming                                                        ; Auto               ; Auto               ;
; SDC constraint protection                                                  ; Off                ; Off                ;
; Synthesis Effort                                                           ; Auto               ; Auto               ;
; Shift Register Replacement - Allow Asynchronous Clear Signal               ; On                 ; On                 ;
; Pre-Mapping Resynthesis Optimization                                       ; Off                ; Off                ;
; Analysis & Synthesis Message Level                                         ; Medium             ; Medium             ;
; Disable Register Merging Across Hierarchies                                ; Auto               ; Auto               ;
; Resource Aware Inference For Block RAM                                     ; On                 ; On                 ;
+----------------------------------------------------------------------------+--------------------+--------------------+


+------------------------------------------+
; Parallel Compilation                     ;
+----------------------------+-------------+
; Processors                 ; Number      ;
+----------------------------+-------------+
; Number detected on machine ; 12          ;
; Maximum allowed            ; 12          ;
;                            ;             ;
; Average used               ; 1.00        ;
; Maximum used               ; 12          ;
;                            ;             ;
; Usage by Processor         ; % Time Used ;
;     Processor 1            ; 100.0%      ;
;     Processor 2            ;   0.0%      ;
;     Processors 3-12        ;   0.0%      ;
+----------------------------+-------------+


+-----------------------------------------------------------------------------------------------------------------------------------------------------------------------------------------------+
; Analysis & Synthesis Source Files Read                                                                                                                                                        ;
+----------------------------------+-----------------+------------------------------------+-------------------------------------------------------------------------------------------+---------+
; File Name with User-Entered Path ; Used in Netlist ; File Type                          ; File Name with Absolute Path                                                              ; Library ;
+----------------------------------+-----------------+------------------------------------+-------------------------------------------------------------------------------------------+---------+
; CLK_DIVIDER.vhd                  ; yes             ; User VHDL File                     ; C:/Users/Zed/Desktop/PROJ324 - Project Folder/PROJ324/VHDL/spi_master/CLK_DIVIDER.vhd     ;         ;
; value_generator.vhd              ; yes             ; User VHDL File                     ; C:/Users/Zed/Desktop/PROJ324 - Project Folder/PROJ324/VHDL/spi_master/value_generator.vhd ;         ;
; spi_master.bdf                   ; yes             ; User Block Diagram/Schematic File  ; C:/Users/Zed/Desktop/PROJ324 - Project Folder/PROJ324/VHDL/spi_master/spi_master.bdf      ;         ;
; spi_master1.vhd                  ; yes             ; User VHDL File                     ; C:/Users/Zed/Desktop/PROJ324 - Project Folder/PROJ324/VHDL/spi_master/spi_master1.vhd     ;         ;
+----------------------------------+-----------------+------------------------------------+-------------------------------------------------------------------------------------------+---------+


+-------------------------------------------------------------------------+
; Analysis & Synthesis Resource Usage Summary                             ;
+---------------------------------------------+---------------------------+
; Resource                                    ; Usage                     ;
+---------------------------------------------+---------------------------+
; Estimated Total logic elements              ; 457                       ;
;                                             ;                           ;
; Total combinational functions               ; 439                       ;
; Logic element usage by number of LUT inputs ;                           ;
;     -- 4 input functions                    ; 129                       ;
;     -- 3 input functions                    ; 57                        ;
;     -- <=2 input functions                  ; 253                       ;
;                                             ;                           ;
; Logic elements by mode                      ;                           ;
;     -- normal mode                          ; 222                       ;
;     -- arithmetic mode                      ; 217                       ;
;                                             ;                           ;
; Total registers                             ; 271                       ;
;     -- Dedicated logic registers            ; 271                       ;
;     -- I/O registers                        ; 0                         ;
;                                             ;                           ;
; I/O pins                                    ; 14                        ;
;                                             ;                           ;
; Embedded Multiplier 9-bit elements          ; 0                         ;
;                                             ;                           ;
; Maximum fan-out node                        ; CLK_DIVIDER:inst2|CLK_OUT ;
; Maximum fan-out                             ; 265                       ;
; Total fan-out                               ; 1932                      ;
; Average fan-out                             ; 2.62                      ;
+---------------------------------------------+---------------------------+


+----------------------------------------------------------------------------------------------------------------------------------------------------------------------------------------------------------------------------+
; Analysis & Synthesis Resource Utilization by Entity                                                                                                                                                                        ;
+----------------------------+---------------------+---------------------------+-------------+--------------+---------+-----------+------+--------------+-----------------------------------+-----------------+--------------+
; Compilation Hierarchy Node ; Combinational ALUTs ; Dedicated Logic Registers ; Memory Bits ; DSP Elements ; DSP 9x9 ; DSP 18x18 ; Pins ; Virtual Pins ; Full Hierarchy Name               ; Entity Name     ; Library Name ;
+----------------------------+---------------------+---------------------------+-------------+--------------+---------+-----------+------+--------------+-----------------------------------+-----------------+--------------+
; |spi_master                ; 439 (0)             ; 271 (0)                   ; 0           ; 0            ; 0       ; 0         ; 14   ; 0            ; |spi_master                       ; spi_master      ; work         ;
;    |CLK_DIVIDER:inst2|     ; 10 (10)             ; 7 (7)                     ; 0           ; 0            ; 0       ; 0         ; 0    ; 0            ; |spi_master|CLK_DIVIDER:inst2     ; CLK_DIVIDER     ; work         ;
;    |spi_master1:inst|      ; 304 (304)           ; 224 (224)                 ; 0           ; 0            ; 0       ; 0         ; 0    ; 0            ; |spi_master|spi_master1:inst      ; spi_master1     ; work         ;
;    |value_generator:inst3| ; 125 (125)           ; 40 (40)                   ; 0           ; 0            ; 0       ; 0         ; 0    ; 0            ; |spi_master|value_generator:inst3 ; value_generator ; work         ;
+----------------------------+---------------------+---------------------------+-------------+--------------+---------+-----------+------+--------------+-----------------------------------+-----------------+--------------+
Note: For table entries with two numbers listed, the numbers in parentheses indicate the number of resources of the given type used by the specific entity alone. The numbers listed outside of parentheses indicate the total resources of the given type used by the specific entity and all of its sub-entities in the hierarchy.


+---------------------------------------------------------------------------------------------------+
; User-Specified and Inferred Latches                                                               ;
+----------------------------------------------------+---------------------+------------------------+
; Latch Name                                         ; Latch Enable Signal ; Free of Timing Hazards ;
+----------------------------------------------------+---------------------+------------------------+
; spi_master1:inst|done                              ; GND                 ; yes                    ;
; Number of user-specified and inferred latches = 1  ;                     ;                        ;
+----------------------------------------------------+---------------------+------------------------+
Note: All latches listed above may not be present at the end of synthesis due to various synthesis optimizations.


+---------------------------------------------------------------------------------+
; Registers Removed During Synthesis                                              ;
+----------------------------------------+----------------------------------------+
; Register name                          ; Reason for Removal                     ;
+----------------------------------------+----------------------------------------+
; value_generator:inst3|data[7..15]      ; Stuck at GND due to stuck port data_in ;
; spi_master1:inst|DTS[7..15]            ; Stuck at GND due to stuck port data_in ;
; spi_master1:inst|rxd                   ; Merged with spi_master1:inst|txCPHA    ;
; spi_master1:inst|txCPHA                ; Merged with spi_master1:inst|rtc       ;
; spi_master1:inst|state_tr              ; Merged with spi_master1:inst|state_clk ;
; spi_master1:inst|\process_5:CC[31]     ; Merged with spi_master1:inst|CC[31]    ;
; spi_master1:inst|\process_5:CC[30]     ; Merged with spi_master1:inst|CC[30]    ;
; spi_master1:inst|\process_5:CC[29]     ; Merged with spi_master1:inst|CC[29]    ;
; spi_master1:inst|\process_5:CC[28]     ; Merged with spi_master1:inst|CC[28]    ;
; spi_master1:inst|\process_5:CC[27]     ; Merged with spi_master1:inst|CC[27]    ;
; spi_master1:inst|\process_5:CC[26]     ; Merged with spi_master1:inst|CC[26]    ;
; spi_master1:inst|\process_5:CC[25]     ; Merged with spi_master1:inst|CC[25]    ;
; spi_master1:inst|\process_5:CC[24]     ; Merged with spi_master1:inst|CC[24]    ;
; spi_master1:inst|\process_5:CC[23]     ; Merged with spi_master1:inst|CC[23]    ;
; spi_master1:inst|\process_5:CC[22]     ; Merged with spi_master1:inst|CC[22]    ;
; spi_master1:inst|\process_5:CC[21]     ; Merged with spi_master1:inst|CC[21]    ;
; spi_master1:inst|\process_5:CC[20]     ; Merged with spi_master1:inst|CC[20]    ;
; spi_master1:inst|\process_5:CC[19]     ; Merged with spi_master1:inst|CC[19]    ;
; spi_master1:inst|\process_5:CC[18]     ; Merged with spi_master1:inst|CC[18]    ;
; spi_master1:inst|\process_5:CC[17]     ; Merged with spi_master1:inst|CC[17]    ;
; spi_master1:inst|\process_5:CC[16]     ; Merged with spi_master1:inst|CC[16]    ;
; spi_master1:inst|\process_5:CC[15]     ; Merged with spi_master1:inst|CC[15]    ;
; spi_master1:inst|\process_5:CC[14]     ; Merged with spi_master1:inst|CC[14]    ;
; spi_master1:inst|\process_5:CC[13]     ; Merged with spi_master1:inst|CC[13]    ;
; spi_master1:inst|\process_5:CC[12]     ; Merged with spi_master1:inst|CC[12]    ;
; spi_master1:inst|\process_5:CC[11]     ; Merged with spi_master1:inst|CC[11]    ;
; spi_master1:inst|\process_5:CC[10]     ; Merged with spi_master1:inst|CC[10]    ;
; spi_master1:inst|\process_5:CC[9]      ; Merged with spi_master1:inst|CC[9]     ;
; spi_master1:inst|\process_5:CC[8]      ; Merged with spi_master1:inst|CC[8]     ;
; spi_master1:inst|\process_5:CC[7]      ; Merged with spi_master1:inst|CC[7]     ;
; spi_master1:inst|\process_5:CC[6]      ; Merged with spi_master1:inst|CC[6]     ;
; spi_master1:inst|\process_5:CC[5]      ; Merged with spi_master1:inst|CC[5]     ;
; spi_master1:inst|\process_5:CC[4]      ; Merged with spi_master1:inst|CC[4]     ;
; spi_master1:inst|\process_5:CC[3]      ; Merged with spi_master1:inst|CC[3]     ;
; spi_master1:inst|\process_5:CC[2]      ; Merged with spi_master1:inst|CC[2]     ;
; spi_master1:inst|\process_5:CC[1]      ; Merged with spi_master1:inst|CC[1]     ;
; spi_master1:inst|\process_5:CC[0]      ; Merged with spi_master1:inst|CC[0]     ;
; Total Number of Removed Registers = 53 ;                                        ;
+----------------------------------------+----------------------------------------+


+-----------------------------------------------------------------------------------------------------+
; Removed Registers Triggering Further Register Optimizations                                         ;
+--------------------------------+---------------------------+----------------------------------------+
; Register name                  ; Reason for Removal        ; Registers Removed due to This Register ;
+--------------------------------+---------------------------+----------------------------------------+
; value_generator:inst3|data[15] ; Stuck at GND              ; spi_master1:inst|DTS[15]               ;
;                                ; due to stuck port data_in ;                                        ;
; value_generator:inst3|data[14] ; Stuck at GND              ; spi_master1:inst|DTS[14]               ;
;                                ; due to stuck port data_in ;                                        ;
; value_generator:inst3|data[13] ; Stuck at GND              ; spi_master1:inst|DTS[13]               ;
;                                ; due to stuck port data_in ;                                        ;
; value_generator:inst3|data[12] ; Stuck at GND              ; spi_master1:inst|DTS[12]               ;
;                                ; due to stuck port data_in ;                                        ;
; value_generator:inst3|data[11] ; Stuck at GND              ; spi_master1:inst|DTS[11]               ;
;                                ; due to stuck port data_in ;                                        ;
; value_generator:inst3|data[10] ; Stuck at GND              ; spi_master1:inst|DTS[10]               ;
;                                ; due to stuck port data_in ;                                        ;
; value_generator:inst3|data[9]  ; Stuck at GND              ; spi_master1:inst|DTS[9]                ;
;                                ; due to stuck port data_in ;                                        ;
; value_generator:inst3|data[8]  ; Stuck at GND              ; spi_master1:inst|DTS[8]                ;
;                                ; due to stuck port data_in ;                                        ;
; value_generator:inst3|data[7]  ; Stuck at GND              ; spi_master1:inst|DTS[7]                ;
;                                ; due to stuck port data_in ;                                        ;
+--------------------------------+---------------------------+----------------------------------------+


+------------------------------------------------------+
; General Register Statistics                          ;
+----------------------------------------------+-------+
; Statistic                                    ; Value ;
+----------------------------------------------+-------+
; Total registers                              ; 271   ;
; Number of registers using Synchronous Clear  ; 0     ;
; Number of registers using Synchronous Load   ; 0     ;
; Number of registers using Asynchronous Clear ; 0     ;
; Number of registers using Asynchronous Load  ; 0     ;
; Number of registers using Clock Enable       ; 180   ;
; Number of registers using Preset             ; 0     ;
+----------------------------------------------+-------+


+--------------------------------------------------+
; Inverted Register Statistics                     ;
+----------------------------------------+---------+
; Inverted Register                      ; Fan out ;
+----------------------------------------+---------+
; spi_master1:inst|PP[4]                 ; 1       ;
; spi_master1:inst|BP[4]                 ; 1       ;
; Total number of inverted registers = 2 ;         ;
+----------------------------------------+---------+


+---------------------------------------------------------------------------------------------------------------------------------------------------+
; Multiplexer Restructuring Statistics (Restructuring Performed)                                                                                    ;
+--------------------+-----------+---------------+----------------------+------------------------+------------+-------------------------------------+
; Multiplexer Inputs ; Bus Width ; Baseline Area ; Area if Restructured ; Saving if Restructured ; Registered ; Example Multiplexer Output          ;
+--------------------+-----------+---------------+----------------------+------------------------+------------+-------------------------------------+
; 3:1                ; 32 bits   ; 64 LEs        ; 64 LEs               ; 0 LEs                  ; No         ; |spi_master|value_generator:inst3|x ;
+--------------------+-----------+---------------+----------------------+------------------------+------------+-------------------------------------+


+---------------------------------------------------------------+
; Parameter Settings for User Entity Instance: spi_master1:inst ;
+----------------+-------+--------------------------------------+
; Parameter Name ; Value ; Type                                 ;
+----------------+-------+--------------------------------------+
; dw             ; 16    ; Signed Integer                       ;
; delay          ; 10000 ; Signed Integer                       ;
; cpha           ; '1'   ; Enumerated                           ;
; cpol           ; '1'   ; Enumerated                           ;
+----------------+-------+--------------------------------------+
Note: In order to hide this table in the UI and the text report file, please set the "Show Parameter Settings in Synthesis Report" option in "Analysis and Synthesis Settings -> More Settings" to "Off".


+----------------------------------------------------------------+
; Parameter Settings for User Entity Instance: CLK_DIVIDER:inst2 ;
+----------------+-------+---------------------------------------+
; Parameter Name ; Value ; Type                                  ;
+----------------+-------+---------------------------------------+
; count          ; 25    ; Signed Integer                        ;
+----------------+-------+---------------------------------------+
Note: In order to hide this table in the UI and the text report file, please set the "Show Parameter Settings in Synthesis Report" option in "Analysis and Synthesis Settings -> More Settings" to "Off".


+--------------------------------------------------------------------+
; Parameter Settings for User Entity Instance: value_generator:inst3 ;
+----------------+-------+-------------------------------------------+
; Parameter Name ; Value ; Type                                      ;
+----------------+-------+-------------------------------------------+
; dw             ; 16    ; Signed Integer                            ;
+----------------+-------+-------------------------------------------+
Note: In order to hide this table in the UI and the text report file, please set the "Show Parameter Settings in Synthesis Report" option in "Analysis and Synthesis Settings -> More Settings" to "Off".


+-----------------------------------------------------+
; Post-Synthesis Netlist Statistics for Top Partition ;
+-----------------------+-----------------------------+
; Type                  ; Count                       ;
+-----------------------+-----------------------------+
; boundary_port         ; 14                          ;
; cycloneiii_ff         ; 271                         ;
;     ENA               ; 180                         ;
;     plain             ; 91                          ;
; cycloneiii_lcell_comb ; 439                         ;
;     arith             ; 217                         ;
;         2 data inputs ; 217                         ;
;     normal            ; 222                         ;
;         1 data inputs ; 8                           ;
;         2 data inputs ; 28                          ;
;         3 data inputs ; 57                          ;
;         4 data inputs ; 129                         ;
;                       ;                             ;
; Max LUT depth         ; 13.70                       ;
; Average LUT depth     ; 7.44                        ;
+-----------------------+-----------------------------+


+-------------------------------+
; Elapsed Time Per Partition    ;
+----------------+--------------+
; Partition Name ; Elapsed Time ;
+----------------+--------------+
; Top            ; 00:00:01     ;
+----------------+--------------+


+-------------------------------+
; Analysis & Synthesis Messages ;
+-------------------------------+
Info: *******************************************************************
Info: Running Quartus Prime Analysis & Synthesis
    Info: Version 16.1.0 Build 196 10/24/2016 SJ Lite Edition
    Info: Processing started: Thu Feb 07 01:18:24 2019
Info: Command: quartus_map --read_settings_files=on --write_settings_files=off spi_master -c spi_master
Warning (18236): Number of processors has not been specified which may cause overloading on shared machines.  Set the global assignment NUM_PARALLEL_PROCESSORS in your QSF to an appropriate value for best performance.
Info (20030): Parallel compilation is enabled and will use 12 of the 12 processors detected
Info (12021): Found 2 design units, including 1 entities, in source file clk_divider.vhd
    Info (12022): Found design unit 1: CLK_DIVIDER-CLK_DIVIDER_V1 File: C:/Users/Zed/Desktop/PROJ324 - Project Folder/PROJ324/VHDL/spi_master/CLK_DIVIDER.vhd Line: 26
    Info (12023): Found entity 1: CLK_DIVIDER File: C:/Users/Zed/Desktop/PROJ324 - Project Folder/PROJ324/VHDL/spi_master/CLK_DIVIDER.vhd Line: 14
Info (12021): Found 2 design units, including 1 entities, in source file value_generator.vhd
    Info (12022): Found design unit 1: value_generator-value_generator1 File: C:/Users/Zed/Desktop/PROJ324 - Project Folder/PROJ324/VHDL/spi_master/value_generator.vhd Line: 18
    Info (12023): Found entity 1: value_generator File: C:/Users/Zed/Desktop/PROJ324 - Project Folder/PROJ324/VHDL/spi_master/value_generator.vhd Line: 5
Info (12021): Found 1 design units, including 1 entities, in source file spi_master.bdf
    Info (12023): Found entity 1: spi_master
Info (12021): Found 2 design units, including 1 entities, in source file spi_master1.vhd
    Info (12022): Found design unit 1: spi_master1-spi_master1 File: C:/Users/Zed/Desktop/PROJ324 - Project Folder/PROJ324/VHDL/spi_master/spi_master1.vhd Line: 27
    Info (12023): Found entity 1: spi_master1 File: C:/Users/Zed/Desktop/PROJ324 - Project Folder/PROJ324/VHDL/spi_master/spi_master1.vhd Line: 5
Info (12127): Elaborating entity "spi_master" for the top level hierarchy
Info (12128): Elaborating entity "spi_master1" for hierarchy "spi_master1:inst"
Warning (10492): VHDL Process Statement warning at spi_master1.vhd(75): signal "wt" is read inside the Process Statement but isn't in the Process Statement's sensitivity list File: C:/Users/Zed/Desktop/PROJ324 - Project Folder/PROJ324/VHDL/spi_master/spi_master1.vhd Line: 75
Warning (10492): VHDL Process Statement warning at spi_master1.vhd(75): signal "done" is read inside the Process Statement but isn't in the Process Statement's sensitivity list File: C:/Users/Zed/Desktop/PROJ324 - Project Folder/PROJ324/VHDL/spi_master/spi_master1.vhd Line: 75
Warning (10492): VHDL Process Statement warning at spi_master1.vhd(98): signal "wt" is read inside the Process Statement but isn't in the Process Statement's sensitivity list File: C:/Users/Zed/Desktop/PROJ324 - Project Folder/PROJ324/VHDL/spi_master/spi_master1.vhd Line: 98
Warning (10492): VHDL Process Statement warning at spi_master1.vhd(98): signal "done" is read inside the Process Statement but isn't in the Process Statement's sensitivity list File: C:/Users/Zed/Desktop/PROJ324 - Project Folder/PROJ324/VHDL/spi_master/spi_master1.vhd Line: 98
Warning (10492): VHDL Process Statement warning at spi_master1.vhd(138): signal "wt" is read inside the Process Statement but isn't in the Process Statement's sensitivity list File: C:/Users/Zed/Desktop/PROJ324 - Project Folder/PROJ324/VHDL/spi_master/spi_master1.vhd Line: 138
Warning (10492): VHDL Process Statement warning at spi_master1.vhd(138): signal "done" is read inside the Process Statement but isn't in the Process Statement's sensitivity list File: C:/Users/Zed/Desktop/PROJ324 - Project Folder/PROJ324/VHDL/spi_master/spi_master1.vhd Line: 138
Warning (10492): VHDL Process Statement warning at spi_master1.vhd(160): signal "rtc" is read inside the Process Statement but isn't in the Process Statement's sensitivity list File: C:/Users/Zed/Desktop/PROJ324 - Project Folder/PROJ324/VHDL/spi_master/spi_master1.vhd Line: 160
Warning (10492): VHDL Process Statement warning at spi_master1.vhd(187): signal "wt" is read inside the Process Statement but isn't in the Process Statement's sensitivity list File: C:/Users/Zed/Desktop/PROJ324 - Project Folder/PROJ324/VHDL/spi_master/spi_master1.vhd Line: 187
Warning (10492): VHDL Process Statement warning at spi_master1.vhd(187): signal "done" is read inside the Process Statement but isn't in the Process Statement's sensitivity list File: C:/Users/Zed/Desktop/PROJ324 - Project Folder/PROJ324/VHDL/spi_master/spi_master1.vhd Line: 187
Warning (10492): VHDL Process Statement warning at spi_master1.vhd(231): signal "wt" is read inside the Process Statement but isn't in the Process Statement's sensitivity list File: C:/Users/Zed/Desktop/PROJ324 - Project Folder/PROJ324/VHDL/spi_master/spi_master1.vhd Line: 231
Warning (10492): VHDL Process Statement warning at spi_master1.vhd(231): signal "done" is read inside the Process Statement but isn't in the Process Statement's sensitivity list File: C:/Users/Zed/Desktop/PROJ324 - Project Folder/PROJ324/VHDL/spi_master/spi_master1.vhd Line: 231
Warning (10492): VHDL Process Statement warning at spi_master1.vhd(251): signal "wt" is read inside the Process Statement but isn't in the Process Statement's sensitivity list File: C:/Users/Zed/Desktop/PROJ324 - Project Folder/PROJ324/VHDL/spi_master/spi_master1.vhd Line: 251
Warning (10492): VHDL Process Statement warning at spi_master1.vhd(251): signal "done" is read inside the Process Statement but isn't in the Process Statement's sensitivity list File: C:/Users/Zed/Desktop/PROJ324 - Project Folder/PROJ324/VHDL/spi_master/spi_master1.vhd Line: 251
Warning (10492): VHDL Process Statement warning at spi_master1.vhd(267): signal "rtl" is read inside the Process Statement but isn't in the Process Statement's sensitivity list File: C:/Users/Zed/Desktop/PROJ324 - Project Folder/PROJ324/VHDL/spi_master/spi_master1.vhd Line: 267
Warning (10631): VHDL Process Statement warning at spi_master1.vhd(295): inferring latch(es) for signal or variable "done", which holds its previous value in one or more paths through the process File: C:/Users/Zed/Desktop/PROJ324 - Project Folder/PROJ324/VHDL/spi_master/spi_master1.vhd Line: 295
Info (10041): Inferred latch for "done" at spi_master1.vhd(295) File: C:/Users/Zed/Desktop/PROJ324 - Project Folder/PROJ324/VHDL/spi_master/spi_master1.vhd Line: 295
Info (12128): Elaborating entity "CLK_DIVIDER" for hierarchy "CLK_DIVIDER:inst2"
Info (12128): Elaborating entity "value_generator" for hierarchy "value_generator:inst3"
Info (286030): Timing-Driven Synthesis is running
Info (16010): Generating hard_block partition "hard_block:auto_generated_inst"
    Info (16011): Adding 0 node(s), including 0 DDIO, 0 PLL, 0 transceiver and 0 LCELL
Info (21057): Implemented 679 device resources after synthesis - the final resource count might be different
    Info (21058): Implemented 3 input pins
    Info (21059): Implemented 11 output pins
    Info (21061): Implemented 665 logic cells
Info: Quartus Prime Analysis & Synthesis was successful. 0 errors, 16 warnings
    Info: Peak virtual memory: 4860 megabytes
    Info: Processing ended: Thu Feb 07 01:18:35 2019
    Info: Elapsed time: 00:00:11
    Info: Total CPU time (on all processors): 00:00:24


